# JRE version: OpenJDK Runtime Environment (8.0_76-b03) (build 1.8.0_76-release-b03)
# Java VM: OpenJDK 64-Bit Server VM (25.76-b03 mixed mode linux-amd64 compressed oops)
Heap:
 PSYoungGen      total 452608K, used 0K [0x00000000e0000000, 0x0000000100000000, 0x0000000100000000)
  eden space 399360K, 0% used [0x00000000e0000000,0x00000000e0000000,0x00000000f8600000)
  from space 53248K, 0% used [0x00000000f8600000,0x00000000f8600000,0x00000000fba00000)
  to   space 70144K, 0% used [0x00000000fbb80000,0x00000000fbb80000,0x0000000100000000)
 ParOldGen       total 134656K, used 118482K [0x00000000a0000000, 0x00000000a8380000, 0x00000000e0000000)
  object space 134656K, 87% used [0x00000000a0000000,0x00000000a73b4830,0x00000000a8380000)
 Metaspace       used 63139K, capacity 64885K, committed 65152K, reserved 1105920K
  class space    used 8121K, capacity 8547K, committed 8576K, reserved 1048576K
GC Heap History (10 events):
Event: 15.909 GC heap after
Heap after GC invocations=16 (full 3):
 PSYoungGen      total 290816K, used 1165K [0x00000000e0000000, 0x00000000f7380000, 0x0000000100000000)
  eden space 268288K, 0% used [0x00000000e0000000,0x00000000e0000000,0x00000000f0600000)
  from space 22528K, 5% used [0x00000000f0600000,0x00000000f0723510,0x00000000f1c00000)
  to   space 23040K, 0% used [0x00000000f5d00000,0x00000000f5d00000,0x00000000f7380000)
 ParOldGen       total 130048K, used 36866K [0x00000000a0000000, 0x00000000a7f00000, 0x00000000e0000000)
  object space 130048K, 28% used [0x00000000a0000000,0x00000000a2400af0,0x00000000a7f00000)
 Metaspace       used 58418K, capacity 60081K, committed 60440K, reserved 1101824K
  class space    used 7673K, capacity 8069K, committed 8192K, reserved 1048576K
}
Event: 18.895 GC heap before
{Heap before GC invocations=17 (full 3):
 PSYoungGen      total 290816K, used 269453K [0x00000000e0000000, 0x00000000f7380000, 0x0000000100000000)
  eden space 268288K, 100% used [0x00000000e0000000,0x00000000f0600000,0x00000000f0600000)
  from space 22528K, 5% used [0x00000000f0600000,0x00000000f0723510,0x00000000f1c00000)
  to   space 23040K, 0% used [0x00000000f5d00000,0x00000000f5d00000,0x00000000f7380000)
 ParOldGen       total 130048K, used 36866K [0x00000000a0000000, 0x00000000a7f00000, 0x00000000e0000000)
  object space 130048K, 28% used [0x00000000a0000000,0x00000000a2400af0,0x00000000a7f00000)
 Metaspace       used 62558K, capacity 64311K, committed 64384K, reserved 1105920K
  class space    used 8116K, capacity 8548K, committed 8576K, reserved 1048576K
Event: 18.984 GC heap after
Heap after GC invocations=17 (full 3):
 PSYoungGen      total 350720K, used 23037K [0x00000000e0000000, 0x00000000f8380000, 0x0000000100000000)
  eden space 327680K, 0% used [0x00000000e0000000,0x00000000e0000000,0x00000000f4000000)
  from space 23040K, 99% used [0x00000000f5d00000,0x00000000f737f5d8,0x00000000f7380000)
  to   space 29696K, 0% used [0x00000000f4000000,0x00000000f4000000,0x00000000f5d00000)
 ParOldGen       total 130048K, used 44258K [0x00000000a0000000, 0x00000000a7f00000, 0x00000000e0000000)
  object space 130048K, 34% used [0x00000000a0000000,0x00000000a2b389b0,0x00000000a7f00000)
 Metaspace       used 62558K, capacity 64311K, committed 64384K, reserved 1105920K
  class space    used 8116K, capacity 8548K, committed 8576K, reserved 1048576K
}
Event: 20.483 GC heap before
{Heap before GC invocations=18 (full 3):
 PSYoungGen      total 350720K, used 350717K [0x00000000e0000000, 0x00000000f8380000, 0x0000000100000000)
  eden space 327680K, 100% used [0x00000000e0000000,0x00000000f4000000,0x00000000f4000000)
  from space 23040K, 99% used [0x00000000f5d00000,0x00000000f737f5d8,0x00000000f7380000)
  to   space 29696K, 0% used [0x00000000f4000000,0x00000000f4000000,0x00000000f5d00000)
 ParOldGen       total 130048K, used 44258K [0x00000000a0000000, 0x00000000a7f00000, 0x00000000e0000000)
  object space 130048K, 34% used [0x00000000a0000000,0x00000000a2b389b0,0x00000000a7f00000)
 Metaspace       used 62730K, capacity 64503K, committed 64640K, reserved 1105920K
  class space    used 8121K, capacity 8548K, committed 8576K, reserved 1048576K
Event: 20.639 GC heap after
Heap after GC invocations=18 (full 3):
 PSYoungGen      total 357376K, used 29690K [0x00000000e0000000, 0x0000000100000000, 0x0000000100000000)
  eden space 327680K, 0% used [0x00000000e0000000,0x00000000e0000000,0x00000000f4000000)
  from space 29696K, 99% used [0x00000000f4000000,0x00000000f5cfe8c8,0x00000000f5d00000)
  to   space 47104K, 0% used [0x00000000fd200000,0x00000000fd200000,0x0000000100000000)
 ParOldGen       total 130048K, used 78184K [0x00000000a0000000, 0x00000000a7f00000, 0x00000000e0000000)
  object space 130048K, 60% used [0x00000000a0000000,0x00000000a4c5a318,0x00000000a7f00000)
 Metaspace       used 62730K, capacity 64503K, committed 64640K, reserved 1105920K
  class space    used 8121K, capacity 8548K, committed 8576K, reserved 1048576K
}
Event: 21.983 GC heap before
{Heap before GC invocations=19 (full 3):
 PSYoungGen      total 357376K, used 357370K [0x00000000e0000000, 0x0000000100000000, 0x0000000100000000)
  eden space 327680K, 100% used [0x00000000e0000000,0x00000000f4000000,0x00000000f4000000)
  from space 29696K, 99% used [0x00000000f4000000,0x00000000f5cfe8c8,0x00000000f5d00000)
  to   space 47104K, 0% used [0x00000000fd200000,0x00000000fd200000,0x0000000100000000)
 ParOldGen       total 130048K, used 78184K [0x00000000a0000000, 0x00000000a7f00000, 0x00000000e0000000)
  object space 130048K, 60% used [0x00000000a0000000,0x00000000a4c5a318,0x00000000a7f00000)
 Metaspace       used 62891K, capacity 64695K, committed 64896K, reserved 1105920K
  class space    used 8121K, capacity 8548K, committed 8576K, reserved 1048576K
Event: 22.144 GC heap after
Heap after GC invocations=19 (full 3):
 PSYoungGen      total 446464K, used 47103K [0x00000000e0000000, 0x0000000100000000, 0x0000000100000000)
  eden space 399360K, 0% used [0x00000000e0000000,0x00000000e0000000,0x00000000f8600000)
  from space 47104K, 99% used [0x00000000fd200000,0x00000000fffffd98,0x0000000100000000)
  to   space 62464K, 0% used [0x00000000f8600000,0x00000000f8600000,0x00000000fc300000)
 ParOldGen       total 130048K, used 98168K [0x00000000a0000000, 0x00000000a7f00000, 0x00000000e0000000)
  object space 130048K, 75% used [0x00000000a0000000,0x00000000a5fde358,0x00000000a7f00000)
 Metaspace       used 62891K, capacity 64695K, committed 64896K, reserved 1105920K
  class space    used 8121K, capacity 8548K, committed 8576K, reserved 1048576K
}
Event: 23.641 GC heap before
{Heap before GC invocations=20 (full 3):
 PSYoungGen      total 446464K, used 446463K [0x00000000e0000000, 0x0000000100000000, 0x0000000100000000)
  eden space 399360K, 100% used [0x00000000e0000000,0x00000000f8600000,0x00000000f8600000)
  from space 47104K, 99% used [0x00000000fd200000,0x00000000fffffd98,0x0000000100000000)
  to   space 62464K, 0% used [0x00000000f8600000,0x00000000f8600000,0x00000000fc300000)
 ParOldGen       total 130048K, used 98168K [0x00000000a0000000, 0x00000000a7f00000, 0x00000000e0000000)
  object space 130048K, 75% used [0x00000000a0000000,0x00000000a5fde358,0x00000000a7f00000)
 Metaspace       used 63140K, capacity 64887K, committed 65152K, reserved 1105920K
  class space    used 8121K, capacity 8548K, committed 8576K, reserved 1048576K
Event: 23.828 GC heap after
Heap after GC invocations=20 (full 3):
 PSYoungGen      total 452608K, used 52903K [0x00000000e0000000, 0x0000000100000000, 0x0000000100000000)
  eden space 399360K, 0% used [0x00000000e0000000,0x00000000e0000000,0x00000000f8600000)
  from space 53248K, 99% used [0x00000000f8600000,0x00000000fb9a9de0,0x00000000fba00000)
  to   space 70144K, 0% used [0x00000000fbb80000,0x00000000fbb80000,0x0000000100000000)
 ParOldGen       total 134656K, used 134113K [0x00000000a0000000, 0x00000000a8380000, 0x00000000e0000000)
  object space 134656K, 99% used [0x00000000a0000000,0x00000000a82f84b8,0x00000000a8380000)
 Metaspace       used 63140K, capacity 64887K, committed 65152K, reserved 1105920K
  class space    used 8121K, capacity 8548K, committed 8576K, reserved 1048576K
}
Event: 23.829 GC heap before
{Heap before GC invocations=21 (full 4):
 PSYoungGen      total 452608K, used 52903K [0x00000000e0000000, 0x0000000100000000, 0x0000000100000000)
  eden space 399360K, 0% used [0x00000000e0000000,0x00000000e0000000,0x00000000f8600000)
  from space 53248K, 99% used [0x00000000f8600000,0x00000000fb9a9de0,0x00000000fba00000)
  to   space 70144K, 0% used [0x00000000fbb80000,0x00000000fbb80000,0x0000000100000000)
 ParOldGen       total 134656K, used 134113K [0x00000000a0000000, 0x00000000a8380000, 0x00000000e0000000)
  object space 134656K, 99% used [0x00000000a0000000,0x00000000a82f84b8,0x00000000a8380000)
 Metaspace       used 63140K, capacity 64887K, committed 65152K, reserved 1105920K
  class space    used 8121K, capacity 8548K, committed 8576K, reserved 1048576K

