# JRE version: OpenJDK Runtime Environment (8.0_76-b03) (build 1.8.0_76-release-b03)
# Java VM: OpenJDK 64-Bit Server VM (25.76-b03 mixed mode linux-amd64 compressed oops)
Heap:
 PSYoungGen      total 412672K, used 0K [0x00000000e0000000, 0x0000000100000000, 0x0000000100000000)
  eden space 371712K, 0% used [0x00000000e0000000,0x00000000e0000000,0x00000000f6b00000)
  from space 40960K, 0% used [0x00000000fd800000,0x00000000fd800000,0x0000000100000000)
  to   space 76288K, 0% used [0x00000000f6b00000,0x00000000f6b00000,0x00000000fb580000)
 ParOldGen       total 119808K, used 101768K [0x00000000a0000000, 0x00000000a7500000, 0x00000000e0000000)
  object space 119808K, 84% used [0x00000000a0000000,0x00000000a63620c8,0x00000000a7500000)
 Metaspace       used 70501K, capacity 73876K, committed 74136K, reserved 1114112K
  class space    used 8813K, capacity 9340K, committed 9368K, reserved 1048576K
GC Heap History (10 events):
Event: 1656.704 GC heap after
Heap after GC invocations=35 (full 9):
 PSYoungGen      total 486912K, used 0K [0x00000000e0000000, 0x0000000100000000, 0x0000000100000000)
  eden space 448000K, 0% used [0x00000000e0000000,0x00000000e0000000,0x00000000fb580000)
  from space 38912K, 0% used [0x00000000fda00000,0x00000000fda00000,0x0000000100000000)
  to   space 37376K, 0% used [0x00000000fb580000,0x00000000fb580000,0x00000000fda00000)
 ParOldGen       total 119808K, used 32515K [0x00000000a0000000, 0x00000000a7500000, 0x00000000e0000000)
  object space 119808K, 27% used [0x00000000a0000000,0x00000000a1fc0d60,0x00000000a7500000)
 Metaspace       used 68247K, capacity 71414K, committed 72600K, reserved 1112064K
  class space    used 8612K, capacity 9077K, committed 9368K, reserved 1048576K
}
Event: 1830.271 GC heap before
{Heap before GC invocations=36 (full 9):
 PSYoungGen      total 486912K, used 447886K [0x00000000e0000000, 0x0000000100000000, 0x0000000100000000)
  eden space 448000K, 99% used [0x00000000e0000000,0x00000000fb563bf0,0x00000000fb580000)
  from space 38912K, 0% used [0x00000000fda00000,0x00000000fda00000,0x0000000100000000)
  to   space 37376K, 0% used [0x00000000fb580000,0x00000000fb580000,0x00000000fda00000)
 ParOldGen       total 119808K, used 32515K [0x00000000a0000000, 0x00000000a7500000, 0x00000000e0000000)
  object space 119808K, 27% used [0x00000000a0000000,0x00000000a1fc0d60,0x00000000a7500000)
 Metaspace       used 69514K, capacity 72744K, committed 73112K, reserved 1114112K
  class space    used 8694K, capacity 9202K, committed 9368K, reserved 1048576K
Event: 1830.318 GC heap after
Heap after GC invocations=36 (full 9):
 PSYoungGen      total 459264K, used 11143K [0x00000000e0000000, 0x00000000ffa80000, 0x0000000100000000)
  eden space 448000K, 0% used [0x00000000e0000000,0x00000000e0000000,0x00000000fb580000)
  from space 11264K, 98% used [0x00000000fb580000,0x00000000fc061f38,0x00000000fc080000)
  to   space 35328K, 0% used [0x00000000fd800000,0x00000000fd800000,0x00000000ffa80000)
 ParOldGen       total 119808K, used 32523K [0x00000000a0000000, 0x00000000a7500000, 0x00000000e0000000)
  object space 119808K, 27% used [0x00000000a0000000,0x00000000a1fc2d60,0x00000000a7500000)
 Metaspace       used 69514K, capacity 72744K, committed 73112K, reserved 1114112K
  class space    used 8694K, capacity 9202K, committed 9368K, reserved 1048576K
}
Event: 1831.735 GC heap before
{Heap before GC invocations=37 (full 9):
 PSYoungGen      total 459264K, used 459143K [0x00000000e0000000, 0x00000000ffa80000, 0x0000000100000000)
  eden space 448000K, 100% used [0x00000000e0000000,0x00000000fb580000,0x00000000fb580000)
  from space 11264K, 98% used [0x00000000fb580000,0x00000000fc061f38,0x00000000fc080000)
  to   space 35328K, 0% used [0x00000000fd800000,0x00000000fd800000,0x00000000ffa80000)
 ParOldGen       total 119808K, used 32523K [0x00000000a0000000, 0x00000000a7500000, 0x00000000e0000000)
  object space 119808K, 27% used [0x00000000a0000000,0x00000000a1fc2d60,0x00000000a7500000)
 Metaspace       used 70260K, capacity 73620K, committed 73880K, reserved 1114112K
  class space    used 8809K, capacity 9340K, committed 9368K, reserved 1048576K
Event: 1831.835 GC heap after
Heap after GC invocations=37 (full 9):
 PSYoungGen      total 481280K, used 23344K [0x00000000e0000000, 0x0000000100000000, 0x0000000100000000)
  eden space 445952K, 0% used [0x00000000e0000000,0x00000000e0000000,0x00000000fb380000)
  from space 35328K, 66% used [0x00000000fd800000,0x00000000feecc1d8,0x00000000ffa80000)
  to   space 37376K, 0% used [0x00000000fb380000,0x00000000fb380000,0x00000000fd800000)
 ParOldGen       total 119808K, used 39549K [0x00000000a0000000, 0x00000000a7500000, 0x00000000e0000000)
  object space 119808K, 33% used [0x00000000a0000000,0x00000000a269f778,0x00000000a7500000)
 Metaspace       used 70260K, capacity 73620K, committed 73880K, reserved 1114112K
  class space    used 8809K, capacity 9340K, committed 9368K, reserved 1048576K
}
Event: 1832.976 GC heap before
{Heap before GC invocations=38 (full 9):
 PSYoungGen      total 481280K, used 469296K [0x00000000e0000000, 0x0000000100000000, 0x0000000100000000)
  eden space 445952K, 100% used [0x00000000e0000000,0x00000000fb380000,0x00000000fb380000)
  from space 35328K, 66% used [0x00000000fd800000,0x00000000feecc1d8,0x00000000ffa80000)
  to   space 37376K, 0% used [0x00000000fb380000,0x00000000fb380000,0x00000000fd800000)
 ParOldGen       total 119808K, used 39549K [0x00000000a0000000, 0x00000000a7500000, 0x00000000e0000000)
  object space 119808K, 33% used [0x00000000a0000000,0x00000000a269f778,0x00000000a7500000)
 Metaspace       used 70358K, capacity 73684K, committed 73880K, reserved 1114112K
  class space    used 8813K, capacity 9340K, committed 9368K, reserved 1048576K
Event: 1833.094 GC heap after
Heap after GC invocations=38 (full 9):
 PSYoungGen      total 483328K, used 37357K [0x00000000e0000000, 0x0000000100000000, 0x0000000100000000)
  eden space 445952K, 0% used [0x00000000e0000000,0x00000000e0000000,0x00000000fb380000)
  from space 37376K, 99% used [0x00000000fb380000,0x00000000fd7fb608,0x00000000fd800000)
  to   space 40960K, 0% used [0x00000000fd800000,0x00000000fd800000,0x0000000100000000)
 ParOldGen       total 119808K, used 76436K [0x00000000a0000000, 0x00000000a7500000, 0x00000000e0000000)
  object space 119808K, 63% used [0x00000000a0000000,0x00000000a4aa5340,0x00000000a7500000)
 Metaspace       used 70358K, capacity 73684K, committed 73880K, reserved 1114112K
  class space    used 8813K, capacity 9340K, committed 9368K, reserved 1048576K
}
Event: 1834.507 GC heap before
{Heap before GC invocations=39 (full 9):
 PSYoungGen      total 483328K, used 483309K [0x00000000e0000000, 0x0000000100000000, 0x0000000100000000)
  eden space 445952K, 100% used [0x00000000e0000000,0x00000000fb380000,0x00000000fb380000)
  from space 37376K, 99% used [0x00000000fb380000,0x00000000fd7fb608,0x00000000fd800000)
  to   space 40960K, 0% used [0x00000000fd800000,0x00000000fd800000,0x0000000100000000)
 ParOldGen       total 119808K, used 76436K [0x00000000a0000000, 0x00000000a7500000, 0x00000000e0000000)
  object space 119808K, 63% used [0x00000000a0000000,0x00000000a4aa5340,0x00000000a7500000)
 Metaspace       used 70501K, capacity 73876K, committed 74136K, reserved 1114112K
  class space    used 8813K, capacity 9340K, committed 9368K, reserved 1048576K
Event: 1834.715 GC heap after
Heap after GC invocations=39 (full 9):
 PSYoungGen      total 412672K, used 40949K [0x00000000e0000000, 0x0000000100000000, 0x0000000100000000)
  eden space 371712K, 0% used [0x00000000e0000000,0x00000000e0000000,0x00000000f6b00000)
  from space 40960K, 99% used [0x00000000fd800000,0x00000000ffffd4a8,0x0000000100000000)
  to   space 76288K, 0% used [0x00000000f6b00000,0x00000000f6b00000,0x00000000fb580000)
 ParOldGen       total 119808K, used 113819K [0x00000000a0000000, 0x00000000a7500000, 0x00000000e0000000)
  object space 119808K, 95% used [0x00000000a0000000,0x00000000a6f26d60,0x00000000a7500000)
 Metaspace       used 70501K, capacity 73876K, committed 74136K, reserved 1114112K
  class space    used 8813K, capacity 9340K, committed 9368K, reserved 1048576K
}
Event: 1834.731 GC heap before
{Heap before GC invocations=40 (full 10):
 PSYoungGen      total 412672K, used 40949K [0x00000000e0000000, 0x0000000100000000, 0x0000000100000000)
  eden space 371712K, 0% used [0x00000000e0000000,0x00000000e0000000,0x00000000f6b00000)
  from space 40960K, 99% used [0x00000000fd800000,0x00000000ffffd4a8,0x0000000100000000)
  to   space 76288K, 0% used [0x00000000f6b00000,0x00000000f6b00000,0x00000000fb580000)
 ParOldGen       total 119808K, used 113819K [0x00000000a0000000, 0x00000000a7500000, 0x00000000e0000000)
  object space 119808K, 95% used [0x00000000a0000000,0x00000000a6f26d60,0x00000000a7500000)
 Metaspace       used 70501K, capacity 73876K, committed 74136K, reserved 1114112K
  class space    used 8813K, capacity 9340K, committed 9368K, reserved 1048576K

